<?xml version="1.0" encoding="utf-8"?><testsuites><testsuite name="pytest" errors="0" failures="0" skipped="0" tests="81" time="40.407" timestamp="2025-03-19T22:01:42.428164+00:00" hostname="a546688bee53"><testcase classname="container.deps.vllm.tests.test_patch_install" name="mypy" time="12.803" /><testcase classname="container.deps.vllm.tests.test_patch_install" name="mypy-status" time="0.001" /><testcase classname="container.deps.vllm.tests.test_patch_install" name="test_version" time="0.001" /><testcase classname="deploy.Kubernetes.test_helm_charts" name="mypy" time="0.001" /><testcase classname="deploy.dynamo.api-server.db.__init__" name="mypy" time="0.002" /><testcase classname="deploy.dynamo.api-server.db.api" name="mypy" time="0.001" /><testcase classname="deploy.dynamo.api-server.db.components" name="mypy" time="0.001" /><testcase classname="deploy.dynamo.api-server.db.start_db" name="mypy" time="0.001" /><testcase classname="deploy.dynamo.api-server.db.storage" name="mypy" time="0.001" /><testcase classname="deploy.dynamo.sdk.src.dynamo.sdk.__init__" name="mypy" time="0.810" /><testcase classname="deploy.dynamo.sdk.src.dynamo.sdk.cli.allocator" name="mypy" time="0.001" /><testcase classname="deploy.dynamo.sdk.src.dynamo.sdk.cli.bentos" name="mypy" time="0.001" /><testcase classname="deploy.dynamo.sdk.src.dynamo.sdk.cli.cli" name="mypy" time="0.001" /><testcase classname="deploy.dynamo.sdk.src.dynamo.sdk.cli.deploy" name="mypy" time="0.001" /><testcase classname="deploy.dynamo.sdk.src.dynamo.sdk.cli.deployment" name="mypy" time="0.001" /><testcase classname="deploy.dynamo.sdk.src.dynamo.sdk.cli.run" name="mypy" time="0.001" /><testcase classname="deploy.dynamo.sdk.src.dynamo.sdk.cli.run_executable" name="mypy" time="0.001" /><testcase classname="deploy.dynamo.sdk.src.dynamo.sdk.cli.serve" name="mypy" time="0.001" /><testcase classname="deploy.dynamo.sdk.src.dynamo.sdk.cli.serve_dynamo" name="mypy" time="0.001" /><testcase classname="deploy.dynamo.sdk.src.dynamo.sdk.cli.server" name="mypy" time="0.001" /><testcase classname="deploy.dynamo.sdk.src.dynamo.sdk.cli.serving" name="mypy" time="0.001" /><testcase classname="deploy.dynamo.sdk.src.dynamo.sdk.cli.start" name="mypy" time="0.001" /><testcase classname="deploy.dynamo.sdk.src.dynamo.sdk.cli.utils" name="mypy" time="0.001" /><testcase classname="deploy.dynamo.sdk.src.dynamo.sdk.lib.__init__" name="mypy" time="0.001" /><testcase classname="deploy.dynamo.sdk.src.dynamo.sdk.lib.config" name="mypy" time="0.001" /><testcase classname="deploy.dynamo.sdk.src.dynamo.sdk.lib.decorators" name="mypy" time="0.001" /><testcase classname="deploy.dynamo.sdk.src.dynamo.sdk.lib.dependency" name="mypy" time="0.001" /><testcase classname="deploy.dynamo.sdk.src.dynamo.sdk.lib.image" name="mypy" time="0.001" /><testcase classname="deploy.dynamo.sdk.src.dynamo.sdk.lib.service" name="mypy" time="0.001" /><testcase classname="deploy.dynamo.sdk.src.dynamo.sdk.tests.e2e" name="mypy" time="0.001" /><testcase classname="deploy.dynamo.sdk.src.dynamo.sdk.tests.link" name="mypy" time="0.001" /><testcase classname="deploy.dynamo.sdk.src.dynamo.sdk.tests.pipeline" name="mypy" time="0.001" /><testcase classname="examples.hello_world.hello_world" name="mypy" time="0.001" /><testcase classname="examples.llm.__init__" name="mypy" time="0.001" /><testcase classname="examples.llm.components.__init__" name="mypy" time="0.001" /><testcase classname="examples.llm.components.disagg_router" name="mypy" time="0.001" /><testcase classname="examples.llm.components.frontend" name="mypy" time="0.001" /><testcase classname="examples.llm.components.kv_router" name="mypy" time="0.001" /><testcase classname="examples.llm.components.prefill_worker" name="mypy" time="0.001" /><testcase classname="examples.llm.components.processor" name="mypy" time="0.001" /><testcase classname="examples.llm.components.worker" name="mypy" time="0.001" /><testcase classname="examples.llm.graphs.__init__" name="mypy" time="0.001" /><testcase classname="examples.llm.graphs.agg" name="mypy" time="0.001" /><testcase classname="examples.llm.graphs.agg_router" name="mypy" time="0.001" /><testcase classname="examples.llm.graphs.disagg" name="mypy" time="0.001" /><testcase classname="examples.llm.graphs.disagg_router" name="mypy" time="0.001" /><testcase classname="examples.llm.utils.chat_processor" name="mypy" time="0.001" /><testcase classname="examples.llm.utils.nats_queue" name="mypy" time="0.001" /><testcase classname="examples.llm.utils.nixl" name="mypy" time="0.001" /><testcase classname="examples.llm.utils.prefill_queue" name="mypy" time="0.001" /><testcase classname="examples.llm.utils.protocol" name="mypy" time="0.001" /><testcase classname="examples.llm.utils.vllm" name="mypy" time="0.001" /><testcase classname="lib.bindings.python.examples.bls.bar" name="mypy" time="0.001" /><testcase classname="lib.bindings.python.examples.bls.bls" name="mypy" time="0.001" /><testcase classname="lib.bindings.python.examples.bls.foo" name="mypy" time="0.001" /><testcase classname="lib.bindings.python.examples.error_handling.__init__" name="mypy" time="0.001" /><testcase classname="lib.bindings.python.examples.error_handling.client" name="mypy" time="0.001" /><testcase classname="lib.bindings.python.examples.error_handling.run" name="mypy" time="0.001" /><testcase classname="lib.bindings.python.examples.error_handling.server" name="mypy" time="0.001" /><testcase classname="lib.bindings.python.examples.hello_world.client" name="mypy" time="0.001" /><testcase classname="lib.bindings.python.examples.hello_world.run" name="mypy" time="0.001" /><testcase classname="lib.bindings.python.examples.hello_world.server" name="mypy" time="0.001" /><testcase classname="lib.bindings.python.examples.openai_service.server" name="mypy" time="0.001" /><testcase classname="lib.bindings.python.examples.pipeline.backend" name="mypy" time="0.001" /><testcase classname="lib.bindings.python.examples.pipeline.frontend" name="mypy" time="0.001" /><testcase classname="lib.bindings.python.examples.pipeline.middle" name="mypy" time="0.001" /><testcase classname="lib.bindings.python.examples.pipeline.pipeline" name="mypy" time="0.001" /><testcase classname="lib.bindings.python.examples.typed.__init__" name="mypy" time="0.001" /><testcase classname="lib.bindings.python.examples.typed.client" name="mypy" time="0.001" /><testcase classname="lib.bindings.python.examples.typed.protocol" name="mypy" time="0.001" /><testcase classname="lib.bindings.python.examples.typed.server" name="mypy" time="0.001" /><testcase classname="lib.bindings.python.src.dynamo._core.pyi" name="mypy" time="0.001" /><testcase classname="lib.bindings.python.src.dynamo.llm.__init__" name="mypy" time="0.001" /><testcase classname="lib.bindings.python.src.dynamo.runtime.__init__" name="mypy" time="0.002" /><testcase classname="lib.bindings.python.tests.soak" name="mypy" time="0.001" /><testcase classname="lib.bindings.python.tests.test_bindings_install" name="mypy" time="0.001" /><testcase classname="lib.bindings.python.tests.test_bindings_install" name="test_bindings_install" time="0.000" /><testcase classname="lib.bindings.python.tests.test_etcd_bindings" name="mypy" time="0.001" /><testcase classname="lib.bindings.python.tests.test_kv_bindings" name="mypy" time="0.001" /><testcase classname="lib.bindings.python.tests.test_kv_bindings" name="test_event_handler" time="7.035" /><testcase classname="lib.bindings.python.tests.test_kv_bindings" name="test_metrics_aggregator" time="8.010" /></testsuite></testsuites>